{"name": "test_createWedding", "status": "failed", "statusDetails": {"message": "AssertionError", "trace": "self = <pages.WeddingPage.WeddingPage object at 0x00000155075C1400>, text = 'Nithyansh', locatorValue = '(//android.widget.EditText)[4]'\nlocatorType = 'xpath'\n\n    def SendKeys(self,text, locatorValue, locatorType=\"id\"):\n        element = None\n        try:\n            locatorType = locatorType.lower()\n>           element = self.waitForElement(locatorValue, locatorType)\n\n..\\base\\BasePage.py:97: \n_ _ _ _ _ _ _ _ _ _ _ _ _ _ _ _ _ _ _ _ _ _ _ _ _ _ _ _ _ _ _ _ _ _ _ _ _ _ _ _ _ _ _ _ _ _ _ _ _ _ _ _ _ _ _ _ _ _ _ _ _ _ _ _ _ _ _ _ _ _ _ _ _ _\n..\\base\\BasePage.py:55: in waitForElement\n    element = wait.until(lambda x: x.find_element(AppiumBy.XPATH, '%s' % (locatorValue)))\n_ _ _ _ _ _ _ _ _ _ _ _ _ _ _ _ _ _ _ _ _ _ _ _ _ _ _ _ _ _ _ _ _ _ _ _ _ _ _ _ _ _ _ _ _ _ _ _ _ _ _ _ _ _ _ _ _ _ _ _ _ _ _ _ _ _ _ _ _ _ _ _ _ _\n\nself = <selenium.webdriver.support.wait.WebDriverWait (session=\"2bb80028-4ba4-4bb9-8170-3ca92e0d97c1\")>\nmethod = <function BasePage.waitForElement.<locals>.<lambda> at 0x000001550763A160>, message = ''\n\n    def until(self, method: Callable[[D], Union[Literal[False], T]], message: str = \"\") -> T:\n        \"\"\"Wait until the method returns a value that is not False.\n    \n        Calls the method provided with the driver as an argument until the\n        return value does not evaluate to ``False``.\n    \n        Parameters:\n        ----------\n        method: callable(WebDriver)\n            - A callable object that takes a WebDriver instance as an argument.\n    \n        message: str\n            - Optional message for :exc:`TimeoutException`\n    \n        Return:\n        -------\n        object: T\n            - The result of the last call to `method`\n    \n        Raises:\n        -------\n        TimeoutException\n            - If 'method' does not return a truthy value within the WebDriverWait\n            object's timeout\n    \n        Example:\n        --------\n        >>> from selenium.webdriver.common.by import By\n        >>> from selenium.webdriver.support.ui import WebDriverWait\n        >>> from selenium.webdriver.support import expected_conditions as EC\n    \n        # Wait until an element is visible on the page\n        >>> wait = WebDriverWait(driver, 10)\n        >>> element = wait.until(EC.visibility_of_element_located((By.ID, \"exampleId\")))\n        >>> print(element.text)\n        \"\"\"\n        screen = None\n        stacktrace = None\n    \n        end_time = time.monotonic() + self._timeout\n        while True:\n            try:\n                value = method(self._driver)\n                if value:\n                    return value\n            except self._ignored_exceptions as exc:\n                screen = getattr(exc, \"screen\", None)\n                stacktrace = getattr(exc, \"stacktrace\", None)\n            if time.monotonic() > end_time:\n                break\n            time.sleep(self._poll)\n>       raise TimeoutException(message, screen, stacktrace)\nE       selenium.common.exceptions.TimeoutException: Message: \nE       Stacktrace:\nE       NoSuchElementError: An element could not be located on the page using the given search parameters.\nE           at AndroidUiautomator2Driver.findElOrEls (C:\\Users\\chinm\\.appium\\node_modules\\appium-uiautomator2-driver\\node_modules\\appium-android-driver\\lib\\commands\\find.ts:86:11)\nE           at processTicksAndRejections (node:internal/process/task_queues:105:5)\nE           at AndroidUiautomator2Driver.findElOrElsWithProcessing (C:\\Users\\chinm\\AppData\\Roaming\\npm\\node_modules\\appium\\node_modules\\@appium\\base-driver\\lib\\basedriver\\commands\\find.ts:60:12)\nE           at AndroidUiautomator2Driver.findElement (C:\\Users\\chinm\\AppData\\Roaming\\npm\\node_modules\\appium\\node_modules\\@appium\\base-driver\\lib\\basedriver\\commands\\find.ts:75:12)\n\n..\\.venv\\Lib\\site-packages\\selenium\\webdriver\\support\\wait.py:146: TimeoutException\n\nDuring handling of the above exception, another exception occurred:\n\nself = <tests.test_createwedding.test_createwedding testMethod=test_createWedding>\n\n    @pytest.mark.run(order=1)\n    def test_createWedding(self):\n        self.lp.enterPhoneNumber()\n        time.sleep(4)\n        self.lp.continueButton()\n        time.sleep(4)\n        self.lp.enterOtp()\n        time.sleep(4)\n        self.lp.verifyAndProceed()\n        self.wp.createWedding()\n        time.sleep(4)\n        self.wp.yourRole()\n        time.sleep(4)\n        self.wp.selectYourRole()\n        time.sleep(4)\n        self.wp.doneBUtton()\n        time.sleep(4)\n        self.wp.WeddingDate()\n        self.wp.selectWeddingDate()\n        self.wp.okBUtton()\n        self.wp.bridesName()\n>       self.wp.groomsName()\n\ntest_createwedding.py:41: \n_ _ _ _ _ _ _ _ _ _ _ _ _ _ _ _ _ _ _ _ _ _ _ _ _ _ _ _ _ _ _ _ _ _ _ _ _ _ _ _ _ _ _ _ _ _ _ _ _ _ _ _ _ _ _ _ _ _ _ _ _ _ _ _ _ _ _ _ _ _ _ _ _ _\n..\\pages\\WeddingPage.py:52: in groomsName\n    self.SendKeys(\"Nithyansh\",self._groomsName, \"xpath\")\n_ _ _ _ _ _ _ _ _ _ _ _ _ _ _ _ _ _ _ _ _ _ _ _ _ _ _ _ _ _ _ _ _ _ _ _ _ _ _ _ _ _ _ _ _ _ _ _ _ _ _ _ _ _ _ _ _ _ _ _ _ _ _ _ _ _ _ _ _ _ _ _ _ _\n\nself = <pages.WeddingPage.WeddingPage object at 0x00000155075C1400>, text = 'Nithyansh', locatorValue = '(//android.widget.EditText)[4]'\nlocatorType = 'xpath'\n\n    def SendKeys(self,text, locatorValue, locatorType=\"id\"):\n        element = None\n        try:\n            locatorType = locatorType.lower()\n            element = self.waitForElement(locatorValue, locatorType)\n            element.send_keys(text)\n            self.log.info(\"Send a text with locator type\" + locatorType + \"with locator value\" + locatorValue)\n    \n        except:\n            self.log.info(\"Unable to send the text with locator type\" + locatorType + \"with locator value\" + locatorValue)\n            self.takeScreenShot(locatorType)\n>           assert False\nE           AssertionError\n\n..\\base\\BasePage.py:104: AssertionError"}, "attachments": [{"name": "xpath", "source": "d3e270c5-5be8-4854-9c9e-b992f0265f53-attachment.png", "type": "image/png"}, {"name": "log", "source": "9160618d-3734-447c-bb64-ca3388cf81ed-attachment.txt", "type": "text/plain"}], "start": 1740035464509, "stop": 1740035652641, "uuid": "af6508a3-a114-4300-97b0-3471bf06f7db", "historyId": "c8024de3d4bc85b79f333fef607203fb", "testCaseId": "c8024de3d4bc85b79f333fef607203fb", "fullName": "test_createwedding.test_createwedding#test_createWedding", "labels": [{"name": "tag", "value": "run(order=1)"}, {"name": "tag", "value": "@pytest.mark.usefixtures('beforeClass', 'beforeMethod')"}, {"name": "suite", "value": "test_createwedding"}, {"name": "subSuite", "value": "test_createwedding"}, {"name": "host", "value": "Chinmayi"}, {"name": "thread", "value": "20256-MainThread"}, {"name": "framework", "value": "pytest"}, {"name": "language", "value": "cpython3"}, {"name": "package", "value": "test_createwedding"}]}